<?xml version="1.0" encoding="UTF-8"?>
<testng-results skipped="0" failed="0" ignored="0" total="2" passed="2">
  <reporter-output>
  </reporter-output>
  <suite name="testCycle1" duration-ms="50606" started-at="2021-03-28T03:08:56Z" finished-at="2021-03-28T03:09:47Z">
    <groups>
    </groups>
    <test name="RegressionTest" duration-ms="25938" started-at="2021-03-28T03:08:56Z" finished-at="2021-03-28T03:09:22Z">
      <class name="parallelTesting.SwipeTest">
        <test-method status="PASS" signature="setup(java.lang.String, java.lang.String, java.lang.String)[pri:0, instance:parallelTesting.SwipeTest@17c8ad9]" name="setup" duration-ms="25834" started-at="2021-03-28T03:08:56Z" finished-at="2021-03-28T03:09:22Z">
          <params>
            <param index="0">
              <value>
                <![CDATA[443418ec]]>
              </value>
            </param>
            <param index="1">
              <value>
                <![CDATA[8.1.0]]>
              </value>
            </param>
            <param index="2">
              <value>
                <![CDATA[http://127.0.0.1:4733/wd/hub]]>
              </value>
            </param>
          </params>
          <reporter-output>
          </reporter-output>
        </test-method> <!-- setup -->
      </class> <!-- parallelTesting.SwipeTest -->
    </test> <!-- RegressionTest -->
    <test name="IntegreationTest" duration-ms="50606" started-at="2021-03-28T03:08:56Z" finished-at="2021-03-28T03:09:47Z">
      <class name="parallelTesting.HostelWorldTest">
        <test-method status="PASS" signature="setup(java.lang.String, java.lang.String, java.lang.String)[pri:0, instance:parallelTesting.HostelWorldTest@1740a0f]" name="setup" duration-ms="50510" started-at="2021-03-28T03:08:56Z" finished-at="2021-03-28T03:09:47Z">
          <params>
            <param index="0">
              <value>
                <![CDATA[March20121]]>
              </value>
            </param>
            <param index="1">
              <value>
                <![CDATA[6.0]]>
              </value>
            </param>
            <param index="2">
              <value>
                <![CDATA[http://127.0.0.1:4724/wd/hub]]>
              </value>
            </param>
          </params>
          <reporter-output>
          </reporter-output>
        </test-method> <!-- setup -->
      </class> <!-- parallelTesting.HostelWorldTest -->
    </test> <!-- IntegreationTest -->
  </suite> <!-- testCycle1 -->
</testng-results>
